DEBUG:root:>>> go wtime 555555555 
DEBUG:root:info depth 1 score cp 84 time 1 nodes 25 pv d2d4
DEBUG:root:info depth 2 score cp 38 time 30 nodes 189 pv d2d4 e7e5
DEBUG:root:info depth 3 score cp 82 time 60 nodes 380 pv d2d4
DEBUG:root:info depth 4 score cp 38 time 319 nodes 2025 pv d2d4 d7d5
DEBUG:root:info depth 5 score cp 82 time 731 nodes 4869 pv g1f3 d7d5 d2d4
DEBUG:root:>>> go wtime 55555555555555 
DEBUG:root:info depth 1 score cp 84 time 15 nodes 25 pv d2d4
DEBUG:root:info depth 2 score cp 38 time 30 nodes 189 pv d2d4 e7e5
DEBUG:root:info depth 3 score cp 82 time 62 nodes 380 pv d2d4
DEBUG:root:info depth 4 score cp 38 time 312 nodes 2025 pv d2d4 d7d5
DEBUG:root:info depth 5 score cp 82 time 720 nodes 4869 pv g1f3 d7d5 d2d4
DEBUG:root:info depth 6 score cp 40 time 3597 nodes 21025 pv g1f3 b8c6 d2d4 d7d5
DEBUG:root:>>> setoption name asjhnýuhýhb 
DEBUG:root:>>> setoption name abc value 5 
DEBUG:root:>>> okaylar  zag   ozi   pro 
DEBUG:root:>>> setoption Threads value 5 
DEBUG:root:>>> setoption Threads value 5 
DEBUG:root:>>> setoption name Threads value 5 
DEBUG:root:>>> setoption name Threads value 5 
DEBUG:root:>>> setoption name Threads value 5.4 
DEBUG:root:>>> setoption name Threads value 5f 
DEBUG:root:>>> uci 
DEBUG:root:id name Sunfish
DEBUG:root:id author Thomas Ahle & Contributors
DEBUG:root:option name Hash type spin default 1 min 1 max 33554432
DEBUG:root:option name Clear Hash type button 
DEBUG:root:option name PolyglotBook type string default <empty>
DEBUG:root:option name SyzygyPath type string default <empty>
DEBUG:root:option name Eval Roughness type spin default 13 min 4 max 692
DEBUG:root:uciok
DEBUG:root:>>> setoption name Threads value 5 
DEBUG:root:>>> setoption name EvalRoughness value 5 
DEBUG:root:>>> uci 
DEBUG:root:id name Sunfish
DEBUG:root:id author Thomas Ahle & Contributors
DEBUG:root:option name Hash type spin default 1 min 1 max 33554432
DEBUG:root:option name Clear Hash type button 
DEBUG:root:option name PolyglotBook type string default <empty>
DEBUG:root:option name SyzygyPath type string default <empty>
DEBUG:root:option name EvalRoughness type spin default 13 min 4 max 692
DEBUG:root:uciok
DEBUG:root:>>> setoption name Hash value 1 
DEBUG:root:>>> setoption name PolyglotBook value <empty> 
DEBUG:root:>>> setoption name SyzygyPath value <empty> 
DEBUG:root:>>> isready 
DEBUG:root:readyok
DEBUG:root:>>> ucinewgame 
DEBUG:root:>>> position fen rnbqkbnr/pppppppp/8/8/8/8/PPPPPPPP/RNBQKBNR w KQkq - 0 1 
DEBUG:root:>>> position startpos 
DEBUG:root:>>> position startpos moves e2e4 
DEBUG:root:>>> isready 
DEBUG:root:readyok
DEBUG:root:>>> go wtime 108198000 btime 108099000 winc 99000 binc 99000 depth 5 nodes 100 
DEBUG:root:info depth 1 score cp -32 time 2 nodes 24 pv e7e5
DEBUG:root:info depth 2 score cp -76 time 31 nodes 202 pv e7e5 d2d4
DEBUG:root:info depth 3 score cp -33 time 74 nodes 453 pv e7e5
DEBUG:root:info depth 4 score cp -70 time 362 nodes 1935 pv d7d5 b1c3
DEBUG:root:info depth 5 score cp -26 time 1354 nodes 7050 pv d7d5 b1c3 d5e4 c3e4 d8d4
DEBUG:root:bestmove d7d5 ponder b1c3
DEBUG:root:>>> position startpos moves e2e4 d7d5 e4d5 
DEBUG:root:>>> isready 
DEBUG:root:readyok
DEBUG:root:>>> go wtime 108290713 btime 108196646 winc 99000 binc 99000 depth 5 nodes 100 
DEBUG:root:info depth 1 score cp -6 time 3 nodes 33 pv d8d5
DEBUG:root:info depth 2 score cp -53 time 26 nodes 159 pv d8d5 d2d4
DEBUG:root:info depth 3 score cp -17 time 118 nodes 747 pv d8d5 b1c3 d5d4
DEBUG:root:info depth 4 score cp -54 time 302 nodes 1955 pv d8d5 b1c3 d5d4 g1f3
DEBUG:root:info depth 5 score cp -40 time 2015 nodes 11767 pv d8d5 b1c3 d5e5 g1e2 b8c6
DEBUG:root:bestmove d8d5 ponder b1c3
DEBUG:root:>>> position startpos moves e2e4 d7d5 e4d5 d8d5 b2b3 
DEBUG:root:>>> isready 
DEBUG:root:readyok
DEBUG:root:>>> go wtime 108385781 btime 108293631 winc 99000 binc 99000 depth 5 nodes 100 
DEBUG:root:info depth 1 score cp 38 time 7 nodes 59 pv e7e5
DEBUG:root:info depth 2 score cp 484 time 85 nodes 428 pv d5e5 g1e2 e5a1
DEBUG:root:info depth 3 score cp 486 time 131 nodes 1103 pv d5e5 g1e2 e5a1
DEBUG:root:info depth 4 score cp 441 time 500 nodes 3114 pv d5e5 g1e2 e5a1 b1c3
DEBUG:root:info depth 5 score cp 483 time 784 nodes 8839 pv d5e5 g1e2 e5a1 b1c3 e7e5
DEBUG:root:bestmove d5e5 ponder g1e2
DEBUG:root:>>> position startpos moves e2e4 d7d5 e4d5 d8d5 b2b3 d5e5 g1e2 
DEBUG:root:>>> isready 
DEBUG:root:readyok
DEBUG:root:>>> go wtime 108454716 btime 108391847 winc 99000 binc 99000 depth 5 nodes 100 
DEBUG:root:info depth 1 score cp 484 time 3 nodes 50 pv e5a1
DEBUG:root:info depth 2 score cp 442 time 93 nodes 556 pv e5a1 b1c3
DEBUG:root:info depth 3 score cp 483 time 159 nodes 1853 pv e5a1 b1c3 e7e5
DEBUG:root:info depth 4 score cp 442 time 1178 nodes 6302 pv e5a1 b1c3
DEBUG:root:info depth 5 score cp 480 time 2111 nodes 15568 pv e5a1 b1c3 e7e5 d2d3 b8c6
DEBUG:root:bestmove e5a1 ponder b1c3
DEBUG:root:>>> position startpos moves e2e4 d7d5 e4d5 d8d5 b2b3 d5e5 g1e2 e5a1 e2c3 
DEBUG:root:>>> isready 
DEBUG:root:readyok
DEBUG:root:>>> go wtime 108546203 btime 108488736 winc 99000 binc 99000 depth 5 nodes 100 
DEBUG:root:info depth 1 score cp 513 time 6 nodes 102 pv e7e5
DEBUG:root:info depth 2 score cp 466 time 149 nodes 710 pv e7e5 d2d4
DEBUG:root:info depth 3 score cp 512 time 266 nodes 1365 pv e7e5
DEBUG:root:info depth 4 score cp 465 time 2003 nodes 7768 pv e7e5 d2d4
DEBUG:root:info depth 5 score cp 505 time 4189 nodes 23072 pv b8c6 d2d4 e7e5
DEBUG:root:bestmove b8c6 ponder d2d4
DEBUG:root:>>> position startpos moves e2e4 d7d5 e4d5 d8d5 b2b3 d5e5 g1e2 e5a1 e2c3 b8c6 f1b5 
DEBUG:root:>>> isready 
DEBUG:root:readyok
DEBUG:root:>>> go wtime 108629966 btime 108583546 winc 99000 binc 99000 depth 5 nodes 100 
DEBUG:root:info depth 1 score cp 521 time 10 nodes 81 pv e7e5
DEBUG:root:info depth 2 score cp 486 time 185 nodes 858 pv a7a6 b5c4
DEBUG:root:info depth 3 score cp 510 time 455 nodes 2126 pv g8f6
DEBUG:root:info depth 4 score cp 473 time 1934 nodes 8926 pv g8f6 b5c6 b7c6 e1g1
DEBUG:root:info depth 5 score cp 504 time 4135 nodes 22944 pv g8f6 e1g1 e7e5 c1a3 c8f5
DEBUG:root:bestmove g8f6 ponder e1g1
DEBUG:root:>>> position startpos moves e2e4 d7d5 e4d5 d8d5 b2b3 d5e5 g1e2 e5a1 e2c3 b8c6 f1b5 g8f6 e1g1 
DEBUG:root:>>> isready 
DEBUG:root:readyok
DEBUG:root:>>> go wtime 108706407 btime 108678410 winc 99000 binc 99000 depth 5 nodes 100 
DEBUG:root:info depth 1 score cp 510 time 11 nodes 87 pv e7e5
DEBUG:root:info depth 2 score cp 478 time 159 nodes 780 pv c8g4 f2f3
DEBUG:root:info depth 3 score cp 503 time 456 nodes 2278 pv e7e5 c1a3 c8f5 b5c6 b7c6
DEBUG:root:info depth 4 score cp 456 time 2245 nodes 11013 pv e7e5 b5c6 b7c6 d2d4
DEBUG:root:info depth 5 score cp 490 time 6063 nodes 32723 pv c8f5 d2d4 e8c8
DEBUG:root:bestmove c8f5 ponder d2d4
DEBUG:root:>>> position startpos moves e2e4 d7d5 e4d5 d8d5 b2b3 d5e5 g1e2 e5a1 e2c3 b8c6 f1b5 g8f6 e1g1 c8f5 d2d3 
DEBUG:root:>>> isready 
DEBUG:root:readyok
DEBUG:root:>>> go wtime 108778297 btime 108771347 winc 99000 binc 99000 depth 5 nodes 100 
DEBUG:root:info depth 1 score cp 512 time 13 nodes 104 pv e7e5
DEBUG:root:info depth 2 score cp 476 time 262 nodes 1069 pv e7e5 c1g5
DEBUG:root:info depth 3 score cp 510 time 595 nodes 2740 pv e7e5 d1f3 f5g6
DEBUG:root:info depth 4 score cp 474 time 2204 nodes 10507 pv e7e5 b5c6 b7c6 c1g5
DEBUG:root:info depth 5 score cp 512 time 12826 nodes 56236 pv e8c8 b5c6 b7c6
DEBUG:root:bestmove e8c8 ponder b5c6
DEBUG:root:>>> position startpos moves e2e4 d7d5 e4d5 d8d5 b2b3 d5e5 g1e2 e5a1 e2c3 b8c6 f1b5 g8f6 e1g1 c8f5 d2d3 e8c8 d1f3 
DEBUG:root:>>> isready 
DEBUG:root:readyok
DEBUG:root:>>> go wtime 108860881 btime 108857520 winc 99000 binc 99000 depth 5 nodes 100 
DEBUG:root:info depth 1 score cp 530 time 32 nodes 325 pv e7e6
DEBUG:root:info depth 2 score cp 514 time 308 nodes 1413 pv c6d4 f3f4
DEBUG:root:info depth 3 score cp 564 time 469 nodes 2833 pv c6d4 f3f4 e7e5
DEBUG:root:info depth 4 score cp 526 time 2757 nodes 13273 pv c6d4 f3f4 c8b8 c1a3
DEBUG:root:info depth 5 score cp 626 time 5875 nodes 32246 pv c6d4 f3f4 e7e6 f4e5 d4c2
DEBUG:root:bestmove c6d4 ponder f3f4
DEBUG:root:>>> position startpos moves e2e4 d7d5 e4d5 d8d5 b2b3 d5e5 g1e2 e5a1 e2c3 b8c6 f1b5 g8f6 e1g1 c8f5 d2d3 e8c8 d1f3 c6d4 f3f4 
DEBUG:root:>>> isready 
DEBUG:root:readyok
DEBUG:root:>>> go wtime 108934969 btime 108950644 winc 99000 binc 99000 depth 5 nodes 100 
DEBUG:root:info depth 1 score cp 562 time 28 nodes 240 pv e7e5
DEBUG:root:info depth 2 score cp 526 time 401 nodes 1844 pv c8b8 c1a3
DEBUG:root:info depth 3 score cp 625 time 683 nodes 4229 pv e7e6 f4e5 d4c2
DEBUG:root:info depth 4 score cp 583 time 7954 nodes 30550 pv e7e6 c1e3 d4c2 e3a7
DEBUG:root:info depth 5 score cp 595 time 24088 nodes 99294 pv e7e6 c1d2 d4c2 b1a3 a1b2 a3c2 b2c2
DEBUG:root:bestmove e7e6 ponder c1d2
DEBUG:root:>>> position startpos moves e2e4 d7d5 e4d5 d8d5 b2b3 d5e5 g1e2 e5a1 e2c3 b8c6 f1b5 g8f6 e1g1 c8f5 d2d3 e8c8 d1f3 c6d4 f3f4 e7e6 c1e3 
DEBUG:root:>>> isready 
DEBUG:root:readyok
DEBUG:root:>>> go wtime 109020556 btime 109025556 winc 99000 binc 99000 depth 5 nodes 100 
DEBUG:root:info depth 1 score cp 638 time 20 nodes 159 pv d4c2
DEBUG:root:info depth 2 score cp 582 time 364 nodes 1569 pv d4c2 e3a7
DEBUG:root:info depth 3 score cp 638 time 828 nodes 3907 pv d4c2
DEBUG:root:info depth 4 score cp 622 time 4001 nodes 17920 pv d4c2 f1d1 f8d6 f4c4
DEBUG:root:info depth 5 score cp 665 time 14620 nodes 63649 pv d4c2 f1d1 f8d6 f4c4 c8b8
DEBUG:root:bestmove d4c2 ponder f1d1
DEBUG:root:>>> position startpos moves e2e4 d7d5 e4d5 d8d5 b2b3 d5e5 g1e2 e5a1 e2c3 b8c6 f1b5 g8f6 e1g1 c8f5 d2d3 e8c8 d1f3 c6d4 f3f4 e7e6 c1e3 d4c2 e3a7 
DEBUG:root:>>> isready 
DEBUG:root:readyok
DEBUG:root:>>> go wtime 109088990 btime 109109935 winc 99000 binc 99000 depth 5 nodes 100 
DEBUG:root:info depth 1 score cp 707 time 21 nodes 156 pv f5d3
DEBUG:root:info depth 2 score cp 701 time 370 nodes 1414 pv f5d3 f1c1
DEBUG:root:info depth 3 score cp 716 time 689 nodes 3707 pv f5d3 b5d3 d8d3
DEBUG:root:info depth 4 score cp 676 time 4775 nodes 20249 pv f5d3 b5d3 d8d3 f4e5
DEBUG:root:info depth 5 score cp 663 time 25516 nodes 103259 pv f5d3 b5d3 d8d3 f4c4 c2b4
DEBUG:root:bestmove f5d3 ponder b5d3
DEBUG:root:>>> position startpos moves e2e4 d7d5 e4d5 d8d5 b2b3 d5e5 g1e2 e5a1 e2c3 b8c6 f1b5 g8f6 e1g1 c8f5 d2d3 e8c8 d1f3 c6d4 f3f4 e7e6 c1e3 d4c2 e3a7 f5d3 b5d3 
DEBUG:root:>>> isready 
DEBUG:root:readyok
DEBUG:root:>>> go wtime 109158678 btime 109183418 winc 99000 binc 99000 depth 5 nodes 100 
DEBUG:root:info depth 1 score cp 715 time 14 nodes 49 pv d8d3
DEBUG:root:info depth 2 score cp 676 time 239 nodes 1227 pv d8d3 f4e5
DEBUG:root:info depth 3 score cp 664 time 516 nodes 3549 pv d8d3 f4c4 c2b4
DEBUG:root:info depth 4 score cp 607 time 3658 nodes 18570 pv d8d3 f4c4 c2b4 a7b6
DEBUG:root:>>> uci 
DEBUG:root:id name Sunfish
DEBUG:root:id author Thomas Ahle & Contributors
DEBUG:root:option name Hash type spin default 1 min 1 max 33554432
DEBUG:root:option name Clear Hash type button 
DEBUG:root:option name PolyglotBook type string default <empty>
DEBUG:root:option name SyzygyPath type string default <empty>
DEBUG:root:option name EvalRoughness type spin default 13 min 4 max 692
DEBUG:root:uciok
DEBUG:root:>>> setoption name Hash value 1 
DEBUG:root:>>> setoption name PolyglotBook value <empty> 
DEBUG:root:>>> setoption name SyzygyPath value <empty> 
DEBUG:root:>>> isready 
DEBUG:root:readyok
DEBUG:root:>>> ucinewgame 
DEBUG:root:>>> position fen rnbqkbnr/pppppppp/8/8/8/8/PPPPPPPP/RNBQKBNR w KQkq - 0 1 
DEBUG:root:>>> position startpos 
DEBUG:root:>>> isready 
DEBUG:root:readyok
DEBUG:root:>>> go wtime 108099000 btime 108099000 winc 99000 binc 99000 depth 5 nodes 100 
DEBUG:root:info depth 1 score cp 84 time 1 nodes 25 pv d2d4
DEBUG:root:info depth 2 score cp 38 time 26 nodes 189 pv d2d4 e7e5
DEBUG:root:info depth 3 score cp 82 time 52 nodes 380 pv d2d4
DEBUG:root:info depth 4 score cp 38 time 309 nodes 2025 pv d2d4 d7d5
DEBUG:root:info depth 5 score cp 82 time 729 nodes 4869 pv g1f3 d7d5 d2d4
DEBUG:root:bestmove g1f3 ponder d7d5
DEBUG:root:>>> position startpos moves g1f3 e7e6 
DEBUG:root:>>> isready 
DEBUG:root:readyok
DEBUG:root:>>> go wtime 108197271 btime 108184789 winc 99000 binc 99000 depth 5 nodes 100 
DEBUG:root:info depth 1 score cp 97 time 1 nodes 27 pv d2d4
DEBUG:root:info depth 2 score cp 56 time 28 nodes 207 pv d2d4 d7d5
DEBUG:root:info depth 3 score cp 96 time 75 nodes 478 pv d2d4
DEBUG:root:info depth 4 score cp 56 time 371 nodes 2051 pv d2d4 d7d5
DEBUG:root:info depth 5 score cp 98 time 1864 nodes 9210 pv b1c3 d7d5 d2d4
DEBUG:root:bestmove b1c3 ponder d7d5
DEBUG:root:>>> position startpos moves g1f3 e7e6 b1c3 d7d5 
DEBUG:root:>>> isready 
DEBUG:root:readyok
DEBUG:root:>>> go wtime 108294406 btime 108279498 winc 99000 binc 99000 depth 5 nodes 100 
DEBUG:root:info depth 1 score cp 97 time 4 nodes 56 pv d2d4
DEBUG:root:info depth 2 score cp 62 time 28 nodes 261 pv d2d4 b8c6
DEBUG:root:info depth 3 score cp 96 time 95 nodes 642 pv d2d4
DEBUG:root:info depth 4 score cp 64 time 316 nodes 1726 pv d2d4 b8c6
DEBUG:root:info depth 5 score cp 95 time 1770 nodes 9783 pv d2d4 g8f6 c1f4
DEBUG:root:bestmove d2d4 ponder g8f6
DEBUG:root:>>> position startpos moves g1f3 e7e6 b1c3 d7d5 d2d4 c7c5 
DEBUG:root:>>> isready 
DEBUG:root:readyok
DEBUG:root:>>> go wtime 108391635 btime 108375069 winc 99000 binc 99000 depth 5 nodes 100 
DEBUG:root:info depth 1 score cp 176 time 7 nodes 74 pv d4c5
DEBUG:root:info depth 2 score cp 82 time 63 nodes 447 pv c1g5 g8f6
DEBUG:root:info depth 3 score cp 128 time 235 nodes 1364 pv e2e4
DEBUG:root:info depth 4 score cp 86 time 1279 nodes 5559 pv c1e3 c5d4 e3d4 b8c6
DEBUG:root:info depth 5 score cp 126 time 3727 nodes 19706 pv e2e4 c5d4 f3d4
DEBUG:root:bestmove e2e4 ponder c5d4
DEBUG:root:>>> position startpos moves g1f3 e7e6 b1c3 d7d5 d2d4 c7c5 e2e4 b8c6 
DEBUG:root:>>> isready 
DEBUG:root:readyok
DEBUG:root:>>> go wtime 108486908 btime 108464733 winc 99000 binc 99000 depth 5 nodes 100 
DEBUG:root:info depth 1 score cp 206 time 6 nodes 86 pv e4d5
DEBUG:root:info depth 2 score cp 86 time 134 nodes 637 pv c1g5 g8f6
DEBUG:root:info depth 3 score cp 198 time 268 nodes 1537 pv c1g5 g8f6 e4d5
DEBUG:root:info depth 4 score cp 81 time 3100 nodes 10200 pv c1g5 f8e7 e4d5 e6d5
DEBUG:root:info depth 5 score cp 159 time 5637 nodes 28471 pv e4d5 e6d5 d4c5 g8f6 f1b5
DEBUG:root:bestmove e4d5 ponder e6d5
DEBUG:root:>>> position startpos moves g1f3 e7e6 b1c3 d7d5 d2d4 c7c5 e2e4 b8c6 e4d5 e6d5 
DEBUG:root:>>> isready 
DEBUG:root:readyok
DEBUG:root:>>> go wtime 108580270 btime 108559547 winc 99000 binc 99000 depth 5 nodes 100 
DEBUG:root:info depth 1 score cp 164 time 7 nodes 82 pv d4c5
DEBUG:root:info depth 2 score cp 68 time 109 nodes 584 pv c1g5 g8f6
DEBUG:root:info depth 3 score cp 162 time 341 nodes 1743 pv d4c5
DEBUG:root:info depth 4 score cp 129 time 785 nodes 3945 pv d4c5 g8f6
DEBUG:root:info depth 5 score cp 152 time 5514 nodes 24636 pv d4c5 f8c5 d1d5 d8d5 c3d5
DEBUG:root:bestmove d4c5 ponder f8c5
DEBUG:root:>>> position startpos moves g1f3 e7e6 b1c3 d7d5 d2d4 c7c5 e2e4 b8c6 e4d5 e6d5 d4c5 f8c5 
DEBUG:root:>>> isready 
DEBUG:root:readyok
DEBUG:root:>>> go wtime 108673757 btime 108649995 winc 99000 binc 99000 depth 5 nodes 100 
DEBUG:root:info depth 1 score cp 165 time 9 nodes 97 pv c3d5
DEBUG:root:info depth 2 score cp 150 time 95 nodes 596 pv d1d5 d8d5 c3d5
DEBUG:root:info depth 3 score cp 152 time 287 nodes 2012 pv d1d5 d8d5 c3d5
DEBUG:root:info depth 4 score cp 120 time 1454 nodes 7527 pv d1d5 d8d5 c3d5 g8f6
DEBUG:root:info depth 5 score cp 150 time 7384 nodes 36772 pv d1d5 d8d5 c3d5
DEBUG:root:bestmove d1d5 ponder d8d5
DEBUG:root:>>> position startpos moves g1f3 e7e6 b1c3 d7d5 d2d4 c7c5 e2e4 b8c6 e4d5 e6d5 d4c5 f8c5 d1d5 c6b4 
DEBUG:root:>>> isready 
DEBUG:root:readyok
DEBUG:root:>>> go wtime 108765373 btime 108708162 winc 99000 binc 99000 depth 5 nodes 100 
DEBUG:root:info depth 1 score cp 515 time 10 nodes 122 pv d5c5
DEBUG:root:info depth 2 score cp 518 time 239 nodes 1016 pv f1b5 c8d7 d5c5
DEBUG:root:info depth 3 score cp 518 time 347 nodes 2702 pv f1b5 c8d7 d5c5
DEBUG:root:info depth 4 score cp 498 time 2223 nodes 11535 pv f1b5 c8d7 b5d7 d8d7 d5c5
DEBUG:root:info depth 5 score cp 498 time 2992 nodes 24344 pv f1b5 c8d7 b5d7 d8d7 d5c5
DEBUG:root:bestmove f1b5 ponder c8d7
DEBUG:root:>>> position startpos moves g1f3 e7e6 b1c3 d7d5 d2d4 c7c5 e2e4 b8c6 e4d5 e6d5 d4c5 f8c5 d1d5 c6b4 f1b5 c8d7 
DEBUG:root:>>> isready 
DEBUG:root:readyok
DEBUG:root:>>> go wtime 108861380 btime 108793062 winc 99000 binc 99000 depth 5 nodes 100 
DEBUG:root:info depth 1 score cp 518 time 11 nodes 81 pv d5c5
DEBUG:root:info depth 2 score cp 498 time 194 nodes 1176 pv b5d7 d8d7 d5c5
DEBUG:root:info depth 3 score cp 498 time 396 nodes 3776 pv b5d7 d8d7 d5c5
DEBUG:root:info depth 4 score cp 367 time 3586 nodes 19095 pv b5d7 d8d7 d5c5 b4c2
DEBUG:root:info depth 5 score cp 230 time 5024 nodes 38817 pv d5e5 d8e7 b5d7 e8d7 e1g1 e7e5 f3e5
DEBUG:root:bestmove d5e5 ponder d8e7
DEBUG:root:>>> position startpos moves g1f3 e7e6 b1c3 d7d5 d2d4 c7c5 e2e4 b8c6 e4d5 e6d5 d4c5 f8c5 d1d5 c6b4 f1b5 c8d7 d5e5 g8e7 
DEBUG:root:>>> isready 
DEBUG:root:readyok
DEBUG:root:>>> go wtime 108955355 btime 108878477 winc 99000 binc 99000 depth 5 nodes 100 
DEBUG:root:info depth 1 score cp 469 time 16 nodes 141 pv e5c5 d7b5 c3b5
DEBUG:root:info depth 2 score cp 452 time 291 nodes 1407 pv b5d7 d8d7 e5c5
DEBUG:root:info depth 3 score cp 450 time 506 nodes 4063 pv b5d7 d8d7 e5c5
DEBUG:root:info depth 4 score cp 316 time 4061 nodes 23534 pv b5d7 d8d7 e5c5 b4c2
DEBUG:root:info depth 5 score cp 166 time 8376 nodes 63888 pv b5d7 d8d7 e1g1 b4c2 e5g7
DEBUG:root:bestmove b5d7 ponder d8d7
DEBUG:root:>>> position startpos moves g1f3 e7e6 b1c3 d7d5 d2d4 c7c5 e2e4 b8c6 e4d5 e6d5 d4c5 f8c5 d1d5 c6b4 f1b5 c8d7 d5e5 g8e7 b5d7 d8d7 
DEBUG:root:>>> isready 
DEBUG:root:readyok
DEBUG:root:>>> go wtime 109045978 btime 108966751 winc 99000 binc 99000 depth 5 nodes 100 
DEBUG:root:info depth 1 score cp 450 time 9 nodes 58 pv e5c5
DEBUG:root:info depth 2 score cp 316 time 192 nodes 1008 pv e5c5 b4c2
DEBUG:root:info depth 3 score cp 165 time 464 nodes 5196 pv e1g1 b4c2 e5g7
DEBUG:root:info depth 4 score cp 122 time 4790 nodes 23802 pv e1g1 b4c2 e5g7 e8c8
DEBUG:root:info depth 5 score cp 108 time 7547 nodes 49767 pv e1g1 b4c2 e5g7 h8g8 g7e5 c2a1 e5c5
DEBUG:root:bestmove e1g1 ponder b4c2
DEBUG:root:>>> position startpos moves g1f3 e7e6 b1c3 d7d5 d2d4 c7c5 e2e4 b8c6 e4d5 e6d5 d4c5 f8c5 d1d5 c6b4 f1b5 c8d7 d5e5 g8e7 b5d7 d8d7 e1g1 e8g8 
DEBUG:root:>>> isready 
DEBUG:root:readyok
DEBUG:root:>>> go wtime 109137431 btime 109046492 winc 99000 binc 99000 depth 5 nodes 100 
DEBUG:root:info depth 1 score cp 440 time 6 nodes 52 pv e5c5
DEBUG:root:info depth 2 score cp 311 time 273 nodes 1129 pv e5c5 b4c2
DEBUG:root:info depth 3 score cp 334 time 461 nodes 4045 pv e5c5 b4c2 f1d1
DEBUG:root:info depth 4 score cp 320 time 3349 nodes 19774 pv e5c5 b4c2 f1d1 d7f5
DEBUG:root:info depth 5 score cp 315 time 6862 nodes 51777 pv e5c5 b4c2 a1b1
DEBUG:root:bestmove e5c5 ponder b4c2
DEBUG:root:>>> position startpos moves g1f3 e7e6 b1c3 d7d5 d2d4 c7c5 e2e4 b8c6 e4d5 e6d5 d4c5 f8c5 d1d5 c6b4 f1b5 c8d7 d5e5 g8e7 b5d7 d8d7 e1g1 e8g8 e5c5 b4c2 
DEBUG:root:>>> isready 
DEBUG:root:readyok
DEBUG:root:>>> go wtime 109229568 btime 109140364 winc 99000 binc 99000 depth 5 nodes 100 
DEBUG:root:info depth 1 score cp 333 time 23 nodes 245 pv f1d1
DEBUG:root:info depth 2 score cp 320 time 179 nodes 1043 pv f1d1 d7f5
DEBUG:root:info depth 3 score cp 316 time 531 nodes 4199 pv a1b1
DEBUG:root:info depth 4 score cp 292 time 3567 nodes 19309 pv f3e5 d7e6 a1b1 a8e8
DEBUG:root:info depth 5 score cp 301 time 12340 nodes 77872 pv c3d5 e7d5 c5c2 a8c8 c2e4
DEBUG:root:bestmove c3d5 ponder e7d5
DEBUG:root:>>> position startpos moves g1f3 e7e6 b1c3 d7d5 d2d4 c7c5 e2e4 b8c6 e4d5 e6d5 d4c5 f8c5 d1d5 c6b4 f1b5 c8d7 d5e5 g8e7 b5d7 d8d7 e1g1 e8g8 e5c5 b4c2 c3d5 a8c8 
DEBUG:root:>>> isready 
DEBUG:root:readyok
DEBUG:root:>>> go wtime 109316227 btime 109197618 winc 99000 binc 99000 depth 5 nodes 100 
DEBUG:root:info depth 1 score cp 607 time 18 nodes 218 pv d5e7
DEBUG:root:info depth 2 score cp 809 time 138 nodes 1068 pv d5e7 g8h8 e7c8 f8c8
DEBUG:root:info depth 3 score cp 809 time 282 nodes 2294 pv d5e7 g8h8 e7c8 f8c8
DEBUG:root:info depth 4 score cp 810 time 823 nodes 5432 pv d5e7 g8h8 e7c8 f8c8
DEBUG:root:info depth 5 score cp 746 time 1224 nodes 13039 pv d5e7 g8h8 e7c8 f8c8 f3e5 c8c5 e5d7
DEBUG:root:bestmove d5e7 ponder g8h8
DEBUG:root:>>> position startpos moves g1f3 e7e6 b1c3 d7d5 d2d4 c7c5 e2e4 b8c6 e4d5 e6d5 d4c5 f8c5 d1d5 c6b4 f1b5 c8d7 d5e5 g8e7 b5d7 d8d7 e1g1 e8g8 e5c5 b4c2 c3d5 a8c8 d5e7 g8h8 
DEBUG:root:>>> isready 
DEBUG:root:readyok
DEBUG:root:>>> go wtime 109414003 btime 109283179 winc 99000 binc 99000 depth 5 nodes 100 
DEBUG:root:info depth 1 score cp 809 time 12 nodes 126 pv e7c8 f8c8
DEBUG:root:info depth 2 score cp 810 time 312 nodes 1611 pv e7c8 f8c8
DEBUG:root:info depth 3 score cp 746 time 511 nodes 3943 pv e7c8 f8c8 f3e5 c8c5 e5d7
DEBUG:root:info depth 4 score cp 744 time 1305 nodes 8902 pv e7c8 f8c8 f3e5 c8c5 e5d7
DEBUG:root:info depth 5 score cp 744 time 2049 nodes 20488 pv e7c8 f8c8 f3e5 c8c5 e5d7
DEBUG:root:bestmove e7c8 ponder f8c8
DEBUG:root:>>> position startpos moves g1f3 e7e6 b1c3 d7d5 d2d4 c7c5 e2e4 b8c6 e4d5 e6d5 d4c5 f8c5 d1d5 c6b4 f1b5 c8d7 d5e5 g8e7 b5d7 d8d7 e1g1 e8g8 e5c5 b4c2 c3d5 a8c8 d5e7 g8h8 e7c8 f8c8 
DEBUG:root:>>> isready 
DEBUG:root:readyok
DEBUG:root:>>> go wtime 109510953 btime 109364952 winc 99000 binc 99000 depth 5 nodes 100 
DEBUG:root:info depth 1 score cp 744 time 51 nodes 311 pv f3e5 c8c5 e5d7
DEBUG:root:info depth 2 score cp 744 time 188 nodes 1082 pv f3e5 c8c5 e5d7
DEBUG:root:info depth 3 score cp 744 time 411 nodes 3544 pv f3e5 c8c5 e5d7
DEBUG:root:info depth 4 score cp 720 time 1285 nodes 9199 pv f3e5 c8c5 e5d7 c5c4
DEBUG:root:info depth 5 score cp 565 time 4157 nodes 33022 pv c5a7 c2a1 f3e5 d7d5 c1f4
DEBUG:root:bestmove c5a7 ponder c2a1
DEBUG:root:>>> position startpos moves g1f3 e7e6 b1c3 d7d5 d2d4 c7c5 e2e4 b8c6 e4d5 e6d5 d4c5 f8c5 d1d5 c6b4 f1b5 c8d7 d5e5 g8e7 b5d7 d8d7 e1g1 e8g8 e5c5 b4c2 c3d5 a8c8 d5e7 g8h8 e7c8 f8c8 c5a7 c2a1 
DEBUG:root:>>> isready 
DEBUG:root:readyok
DEBUG:root:>>> go wtime 109605795 btime 109458643 winc 99000 binc 99000 depth 5 nodes 100 
DEBUG:root:info depth 1 score cp 553 time 11 nodes 90 pv c1f4
DEBUG:root:info depth 2 score cp 530 time 72 nodes 531 pv f3e5 d7d5
DEBUG:root:info depth 3 score cp 566 time 188 nodes 1675 pv f3e5 d7d5 c1f4
DEBUG:root:info depth 4 score cp 438 time 1908 nodes 11003 pv f3e5 d7d5 c1f4 a1c2
DEBUG:root:info depth 5 score cp 472 time 4567 nodes 32550 pv f3e5 d7d5 c1f4 a1c2 a7b6
DEBUG:root:bestmove f3e5 ponder d7d5
DEBUG:root:>>> position startpos moves g1f3 e7e6 b1c3 d7d5 d2d4 c7c5 e2e4 b8c6 e4d5 e6d5 d4c5 f8c5 d1d5 c6b4 f1b5 c8d7 d5e5 g8e7 b5d7 d8d7 e1g1 e8g8 e5c5 b4c2 c3d5 a8c8 d5e7 g8h8 e7c8 f8c8 c5a7 c2a1 f3e5 d7f5 
DEBUG:root:>>> isready 
DEBUG:root:readyok
DEBUG:root:>>> go wtime 109700227 btime 109534727 winc 99000 binc 99000 depth 5 nodes 100 
DEBUG:root:info depth 1 score cp 658 time 11 nodes 58 pv a7b7
DEBUG:root:info depth 2 score cp 529 time 96 nodes 585 pv a7b7 a1c2
DEBUG:root:info depth 3 score cp 656 time 252 nodes 1597 pv a7b7
DEBUG:root:info depth 4 score cp 643 time 569 nodes 4559 pv a7b7 a1c2 e5f7 h8g8
DEBUG:root:info depth 5 score cp 683 time 2486 nodes 19339 pv a7b7 c8f8 b7e7 h8g8 e7c7
DEBUG:root:bestmove a7b7 ponder c8f8
DEBUG:root:>>> position startpos moves g1f3 e7e6 b1c3 d7d5 d2d4 c7c5 e2e4 b8c6 e4d5 e6d5 d4c5 f8c5 d1d5 c6b4 f1b5 c8d7 d5e5 g8e7 b5d7 d8d7 e1g1 e8g8 e5c5 b4c2 c3d5 a8c8 d5e7 g8h8 e7c8 f8c8 c5a7 c2a1 f3e5 d7f5 a7b7 h8g8 
DEBUG:root:>>> isready 
DEBUG:root:readyok
DEBUG:root:>>> go wtime 109796740 btime 109596145 winc 99000 binc 99000 depth 5 nodes 100 
DEBUG:root:info depth 1 score cp 772 time 12 nodes 160 pv e5f7
DEBUG:root:info depth 2 score cp 649 time 222 nodes 1082 pv e5f7 a1c2
DEBUG:root:info depth 3 score cp 706 time 497 nodes 3459 pv g2g4 f5c2 b7f7
DEBUG:root:info depth 4 score cp 656 time 2846 nodes 15139 pv g2g4 f5e6
DEBUG:root:info depth 5 score cp 700 time 6830 nodes 46192 pv e5f7 c8c2 f7d6 f5d3 b7f7
DEBUG:root:bestmove e5f7 ponder c8c2
DEBUG:root:>>> position startpos moves g1f3 e7e6 b1c3 d7d5 d2d4 c7c5 e2e4 b8c6 e4d5 e6d5 d4c5 f8c5 d1d5 c6b4 f1b5 c8d7 d5e5 g8e7 b5d7 d8d7 e1g1 e8g8 e5c5 b4c2 c3d5 a8c8 d5e7 g8h8 e7c8 f8c8 c5a7 c2a1 f3e5 d7f5 a7b7 h8g8 e5f7 f5c2 
DEBUG:root:>>> isready 
DEBUG:root:readyok
DEBUG:root:>>> go wtime 109888909 btime 109663304 winc 99000 binc 99000 depth 5 nodes 100 
DEBUG:root:info depth 1 score cp 743 time 10 nodes 97 pv c1f4
DEBUG:root:info depth 2 score cp 742 time 151 nodes 772 pv c1e3 c8f8
DEBUG:root:info depth 3 score cp 759 time 695 nodes 3391 pv f7d6 c8d8 b7f7
DEBUG:root:info depth 4 score cp 751 time 1574 nodes 9387 pv f7d6 c8f8 c1g5 h7h6
DEBUG:root:info depth 5 score cp 788 time 4471 nodes 30677 pv f7d6 c8f8 c1e3 f8d8 b7f7
DEBUG:root:bestmove f7d6 ponder c8f8
DEBUG:root:>>> position startpos moves g1f3 e7e6 b1c3 d7d5 d2d4 c7c5 e2e4 b8c6 e4d5 e6d5 d4c5 f8c5 d1d5 c6b4 f1b5 c8d7 d5e5 g8e7 b5d7 d8d7 e1g1 e8g8 e5c5 b4c2 c3d5 a8c8 d5e7 g8h8 e7c8 f8c8 c5a7 c2a1 f3e5 d7f5 a7b7 h8g8 e5f7 f5c2 f7d6 c8f8 
DEBUG:root:>>> isready 
DEBUG:root:readyok
DEBUG:root:>>> go wtime 109983437 btime 109682167 winc 99000 binc 99000 depth 5 nodes 100 
DEBUG:root:info depth 1 score cp 758 time 12 nodes 149 pv c1g5
DEBUG:root:info depth 2 score cp 751 time 76 nodes 593 pv c1g5 h7h6
DEBUG:root:info depth 3 score cp 788 time 207 nodes 1853 pv c1e3 f8d8 b7f7
DEBUG:root:info depth 4 score cp 892 time 1685 nodes 8494 pv c1g5 c2d3 g5e7 f8d8 e7d8 d3d6 f1a1 d6d8
DEBUG:root:info depth 5 score cp 893 time 3427 nodes 26781 pv c1g5 c2d3 g5e7 f8d8 e7d8 d3d6 f1a1 d6d8
DEBUG:root:bestmove c1g5 ponder c2d3
DEBUG:root:>>> position startpos moves g1f3 e7e6 b1c3 d7d5 d2d4 c7c5 e2e4 b8c6 e4d5 e6d5 d4c5 f8c5 d1d5 c6b4 f1b5 c8d7 d5e5 g8e7 b5d7 d8d7 e1g1 e8g8 e5c5 b4c2 c3d5 a8c8 d5e7 g8h8 e7c8 f8c8 c5a7 c2a1 f3e5 d7f5 a7b7 h8g8 e5f7 f5c2 f7d6 c8f8 c1g5 c2g6 
DEBUG:root:>>> isready 
DEBUG:root:readyok
DEBUG:root:>>> go wtime 110079009 btime 109748690 winc 99000 binc 99000 depth 5 nodes 100 
DEBUG:root:info depth 1 score cp 830 time 37 nodes 328 pv b7d5
DEBUG:root:info depth 2 score cp 1089 time 136 nodes 1033 pv b7d5 g8h8 f1a1
DEBUG:root:info depth 3 score cp 1089 time 203 nodes 1845 pv b7d5 g8h8 f1a1
DEBUG:root:info depth 4 score cp 1010 time 1251 nodes 7050 pv b7d5 g8h8 f1a1 g6c2
DEBUG:root:info depth 5 score cp 1067 time 1739 nodes 15005 pv b7d5 g8h8 f1a1 g6c2 d5e6
DEBUG:root:bestmove b7d5 ponder g8h8
DEBUG:root:>>> position startpos moves g1f3 e7e6 b1c3 d7d5 d2d4 c7c5 e2e4 b8c6 e4d5 e6d5 d4c5 f8c5 d1d5 c6b4 f1b5 c8d7 d5e5 g8e7 b5d7 d8d7 e1g1 e8g8 e5c5 b4c2 c3d5 a8c8 d5e7 g8h8 e7c8 f8c8 c5a7 c2a1 f3e5 d7f5 a7b7 h8g8 e5f7 f5c2 f7d6 c8f8 c1g5 c2g6 b7d5 g8h8 
DEBUG:root:>>> isready 
DEBUG:root:readyok
DEBUG:root:>>> go wtime 110176270 btime 109831069 winc 99000 binc 99000 depth 5 nodes 100 
DEBUG:root:info depth 1 score cp 1088 time 7 nodes 65 pv f1a1
DEBUG:root:info depth 2 score cp 1009 time 206 nodes 1266 pv f1a1 g6c2
DEBUG:root:info depth 3 score cp 1065 time 331 nodes 3548 pv f1a1 g6c2 d5e6
DEBUG:root:info depth 4 score cp 1001 time 3138 nodes 16498 pv f1a1 h7h6 g5e3 g6c2
DEBUG:root:info depth 5 score cp 1058 time 5926 nodes 45483 pv f1a1 h7h6 g5e3 g6c2 d5e6
DEBUG:root:bestmove f1a1 ponder h7h6
DEBUG:root:>>> position startpos moves g1f3 e7e6 b1c3 d7d5 d2d4 c7c5 e2e4 b8c6 e4d5 e6d5 d4c5 f8c5 d1d5 c6b4 f1b5 c8d7 d5e5 g8e7 b5d7 d8d7 e1g1 e8g8 e5c5 b4c2 c3d5 a8c8 d5e7 g8h8 e7c8 f8c8 c5a7 c2a1 f3e5 d7f5 a7b7 h8g8 e5f7 f5c2 f7d6 c8f8 c1g5 c2g6 b7d5 g8h8 f1a1 f8f5 
DEBUG:root:>>> isready 
DEBUG:root:readyok
DEBUG:root:>>> go wtime 110269343 btime 109907338 winc 99000 binc 99000 depth 5 nodes 100 
DEBUG:root:info depth 1 score cp 1232 time 13 nodes 134 pv d6f5 g6g5
DEBUG:root:info depth 2 score cp 1610 time 156 nodes 802 pv d5a8 f5f8 a8f8
DEBUG:root:info depth 3 score cp 1610 time 216 nodes 1474 pv d5a8 f5f8 a8f8
DEBUG:root:info depth 4 score cp 2537 time 361 nodes 2523 pv d5a8 g6e8 a8e8 f5f8 e8f8
DEBUG:root:info depth 5 score cp 2537 time 577 nodes 6285 pv d5a8 g6e8 a8e8 f5f8 e8f8
DEBUG:root:bestmove d5a8 ponder g6e8
DEBUG:root:>>> isready 
DEBUG:root:readyok
DEBUG:root:>>> uci 
DEBUG:root:id name Sunfish
DEBUG:root:id author Thomas Ahle & Contributors
DEBUG:root:option name Hash type spin default 1 min 1 max 33554432
DEBUG:root:option name Clear Hash type button 
DEBUG:root:option name PolyglotBook type string default <empty>
DEBUG:root:option name SyzygyPath type string default <empty>
DEBUG:root:option name EvalRoughness type spin default 13 min 4 max 692
DEBUG:root:uciok
DEBUG:root:>>> setoption name Hash value 1 
DEBUG:root:>>> setoption name PolyglotBook value <empty> 
DEBUG:root:>>> setoption name SyzygyPath value <empty> 
DEBUG:root:>>> isready 
DEBUG:root:readyok
DEBUG:root:>>> ucinewgame 
DEBUG:root:>>> position fen rnbqkbnr/pppppppp/8/8/8/8/PPPPPPPP/RNBQKBNR w KQkq - 0 1 
DEBUG:root:>>> position startpos 
DEBUG:root:>>> position startpos moves e2e4 
DEBUG:root:>>> isready 
DEBUG:root:readyok
DEBUG:root:>>> go wtime 108198000 btime 108099000 winc 99000 binc 99000 depth 5 nodes 100 
DEBUG:root:info depth 1 score cp -32 time 2 nodes 24 pv e7e5
DEBUG:root:info depth 2 score cp -76 time 33 nodes 202 pv e7e5 d2d4
DEBUG:root:info depth 3 score cp -33 time 76 nodes 453 pv e7e5
DEBUG:root:info depth 4 score cp -70 time 361 nodes 1935 pv d7d5 b1c3
DEBUG:root:info depth 5 score cp -26 time 1366 nodes 7050 pv d7d5 b1c3 d5e4 c3e4 d8d4
DEBUG:root:bestmove d7d5 ponder b1c3
DEBUG:root:>>> position startpos moves e2e4 d7d5 g1f3 
DEBUG:root:>>> isready 
DEBUG:root:readyok
DEBUG:root:>>> go wtime 108287256 btime 108196634 winc 99000 binc 99000 depth 5 nodes 100 
DEBUG:root:info depth 1 score cp 42 time 3 nodes 34 pv d5e4
DEBUG:root:info depth 2 score cp 8 time 31 nodes 172 pv d5e4 f1b5
DEBUG:root:info depth 3 score cp 49 time 76 nodes 523 pv d5e4 f1b5 b8c6
DEBUG:root:info depth 4 score cp 47 time 241 nodes 1986 pv d5e4 f3e5 d8d4 f1b5
DEBUG:root:info depth 5 score cp 89 time 1109 nodes 7293 pv d5e4 f3e5 d8d4 f1b5 b8c6
DEBUG:root:bestmove d5e4 ponder f3e5
DEBUG:root:>>> position startpos moves e2e4 d7d5 g1f3 d5e4 f3g5 
DEBUG:root:>>> isready 
DEBUG:root:readyok
DEBUG:root:>>> go wtime 108378257 btime 108294525 winc 99000 binc 99000 depth 5 nodes 100 
DEBUG:root:info depth 1 score cp 88 time 7 nodes 77 pv d8d4
DEBUG:root:info depth 2 score cp 51 time 70 nodes 444 pv d8d4 b1c3
DEBUG:root:info depth 3 score cp 99 time 173 nodes 1406 pv d8d5 h2h4 e7e5
DEBUG:root:info depth 4 score cp 28 time 1820 nodes 7972 pv g8f6 d2d4 b8c6 b1c3
DEBUG:root:info depth 5 score cp 62 time 4729 nodes 32062 pv g8f6 d2d4 b8c6
DEBUG:root:bestmove g8f6 ponder d2d4
DEBUG:root:>>> position startpos moves e2e4 d7d5 g1f3 d5e4 f3g5 g8f6 d2d3 
DEBUG:root:>>> isready 
DEBUG:root:readyok
DEBUG:root:>>> go wtime 108469648 btime 108388796 winc 99000 binc 99000 depth 5 nodes 100 
DEBUG:root:info depth 1 score cp 158 time 8 nodes 81 pv e4d3
DEBUG:root:info depth 2 score cp 58 time 74 nodes 446 pv c8g4 f1e2
DEBUG:root:info depth 3 score cp 74 time 200 nodes 1634 pv c8g4 f1e2 d8d7
DEBUG:root:info depth 4 score cp 57 time 1388 nodes 6196 pv c8g4 f1e2 g4e2 d1e2
DEBUG:root:info depth 5 score cp 90 time 4062 nodes 25436 pv c8g4 d1d2 e4d3 f1d3 d8d4
DEBUG:root:bestmove c8g4 ponder d1d2
DEBUG:root:>>> position startpos moves e2e4 d7d5 g1f3 d5e4 f3g5 g8f6 d2d3 c8g4 f1e2 
DEBUG:root:>>> isready 
DEBUG:root:readyok
DEBUG:root:>>> go wtime 108527097 btime 108483733 winc 99000 binc 99000 depth 5 nodes 100 
DEBUG:root:info depth 1 score cp 74 time 29 nodes 224 pv d8d7
DEBUG:root:info depth 2 score cp 58 time 154 nodes 845 pv g4e2 d1e2
DEBUG:root:info depth 3 score cp 175 time 263 nodes 1671 pv g4e2 d1e2 e4d3
DEBUG:root:info depth 4 score cp 54 time 1979 nodes 8053 pv g4e2 d1e2
DEBUG:root:info depth 5 score cp 86 time 4667 nodes 29007 pv g4e2 d1e2 e4d3 e2d3 e7e5
DEBUG:root:bestmove g4e2 ponder d1e2
DEBUG:root:>>> position startpos moves e2e4 d7d5 g1f3 d5e4 f3g5 g8f6 d2d3 c8g4 f1e2 g4e2 d1e2 
DEBUG:root:>>> isready 
DEBUG:root:readyok
DEBUG:root:>>> go wtime 108616143 btime 108578065 winc 99000 binc 99000 depth 5 nodes 100 
DEBUG:root:info depth 1 score cp 175 time 9 nodes 103 pv e4d3
DEBUG:root:info depth 2 score cp 41 time 72 nodes 537 pv e4d3 c2d3
DEBUG:root:info depth 3 score cp 86 time 149 nodes 1453 pv e4d3 e2d3 e7e5
DEBUG:root:info depth 4 score cp 62 time 1435 nodes 5879 pv e4d3 c2d3 h7h6 g5e4
DEBUG:root:info depth 5 score cp 115 time 2386 nodes 15335 pv e4d3 e2d3 d8d3 c2d3 e7e5
DEBUG:root:bestmove e4d3 ponder e2d3
DEBUG:root:>>> position startpos moves e2e4 d7d5 g1f3 d5e4 f3g5 g8f6 d2d3 c8g4 f1e2 g4e2 d1e2 e4d3 c2d3 
DEBUG:root:>>> isready 
DEBUG:root:readyok
DEBUG:root:>>> go wtime 108705462 btime 108674678 winc 99000 binc 99000 depth 5 nodes 100 
DEBUG:root:info depth 1 score cp 102 time 6 nodes 68 pv d8d4
DEBUG:root:info depth 2 score cp 61 time 92 nodes 573 pv h7h6 g5e4
DEBUG:root:info depth 3 score cp 120 time 159 nodes 1122 pv h7h6 g5e4 d8d4
DEBUG:root:info depth 4 score cp 68 time 725 nodes 4922 pv h7h6 g5f3
DEBUG:root:info depth 5 score cp 110 time 3720 nodes 18597 pv h7h6 g5f3 b8c6
DEBUG:root:bestmove h7h6 ponder g5f3
DEBUG:root:>>> position startpos moves e2e4 d7d5 g1f3 d5e4 f3g5 g8f6 d2d3 c8g4 f1e2 g4e2 d1e2 e4d3 c2d3 h7h6 g5e4 
DEBUG:root:>>> isready 
DEBUG:root:readyok
DEBUG:root:>>> go wtime 108790765 btime 108769958 winc 99000 binc 99000 depth 5 nodes 100 
DEBUG:root:info depth 1 score cp 121 time 9 nodes 80 pv d8d4
DEBUG:root:info depth 2 score cp 76 time 109 nodes 575 pv d8d4 e1g1
DEBUG:root:info depth 3 score cp 114 time 302 nodes 1589 pv f6e4 e2e4 e7e5
DEBUG:root:info depth 4 score cp 76 time 1138 nodes 5494 pv e7e5 e1g1 d8d4 b1c3
DEBUG:root:info depth 5 score cp 104 time 5329 nodes 25284 pv f6e4 e2e4 b8c6
DEBUG:root:bestmove f6e4 ponder e2e4
DEBUG:root:>>> position startpos moves e2e4 d7d5 g1f3 d5e4 f3g5 g8f6 d2d3 c8g4 f1e2 g4e2 d1e2 e4d3 c2d3 h7h6 g5e4 f6e4 d3e4 
DEBUG:root:>>> isready 
DEBUG:root:readyok
DEBUG:root:>>> go wtime 108885164 btime 108863627 winc 99000 binc 99000 depth 5 nodes 100 
DEBUG:root:info depth 1 score cp 120 time 6 nodes 63 pv d8d4
DEBUG:root:info depth 2 score cp 74 time 48 nodes 398 pv d8d4 e1g1
DEBUG:root:info depth 3 score cp 118 time 142 nodes 981 pv d8d4
DEBUG:root:info depth 4 score cp 72 time 603 nodes 3685 pv b8c6 e1g1 d8d4 b1c3
DEBUG:root:info depth 5 score cp 104 time 2669 nodes 15742 pv b8c6 e1g1 e7e5
DEBUG:root:bestmove b8c6 ponder e1g1
DEBUG:root:>>> position startpos moves e2e4 d7d5 g1f3 d5e4 f3g5 g8f6 d2d3 c8g4 f1e2 g4e2 d1e2 e4d3 c2d3 h7h6 g5e4 f6e4 d3e4 b8c6 e1g1 
DEBUG:root:>>> isready 
DEBUG:root:readyok
DEBUG:root:>>> go wtime 108976010 btime 108959958 winc 99000 binc 99000 depth 5 nodes 100 
DEBUG:root:info depth 1 score cp 113 time 7 nodes 74 pv d8d4
DEBUG:root:info depth 2 score cp 72 time 46 nodes 371 pv d8d4 b1c3
DEBUG:root:info depth 3 score cp 105 time 175 nodes 1204 pv c6d4 e2c4 e7e5
DEBUG:root:info depth 4 score cp 74 time 664 nodes 3793 pv e7e5 c1e3
DEBUG:root:info depth 5 score cp 92 time 3846 nodes 20941 pv c6d4 e2h5 d4c2 f1d1 c2a1 d1d8 a8d8
DEBUG:root:bestmove c6d4 ponder e2h5
DEBUG:root:>>> position startpos moves e2e4 d7d5 g1f3 d5e4 f3g5 g8f6 d2d3 c8g4 f1e2 g4e2 d1e2 e4d3 c2d3 h7h6 g5e4 f6e4 d3e4 b8c6 e1g1 c6d4 e2c4 
DEBUG:root:>>> isready 
DEBUG:root:readyok
DEBUG:root:>>> go wtime 109048795 btime 109055111 winc 99000 binc 99000 depth 5 nodes 100 
DEBUG:root:info depth 1 score cp 105 time 5 nodes 38 pv e7e5
DEBUG:root:info depth 2 score cp 62 time 82 nodes 545 pv e7e5 b1c3
DEBUG:root:info depth 3 score cp 92 time 175 nodes 1392 pv e7e5 b1c3 d8h4
DEBUG:root:info depth 4 score cp 76 time 575 nodes 4020 pv e7e5 b1c3 d4c2 a1b1
DEBUG:root:info depth 5 score cp 89 time 4222 nodes 25944 pv b7b5 c4c5 d8d6 c5d5 e8c8
DEBUG:root:bestmove b7b5 ponder c4c5
DEBUG:root:>>> position startpos moves e2e4 d7d5 g1f3 d5e4 f3g5 g8f6 d2d3 c8g4 f1e2 g4e2 d1e2 e4d3 c2d3 h7h6 g5e4 f6e4 d3e4 b8c6 e1g1 c6d4 e2c4 b7b5 c4c3 
DEBUG:root:>>> isready 
DEBUG:root:readyok
DEBUG:root:>>> go wtime 109129781 btime 109149888 winc 99000 binc 99000 depth 5 nodes 100 
DEBUG:root:info depth 1 score cp 110 time 5 nodes 36 pv e7e5
DEBUG:root:info depth 2 score cp 605 time 50 nodes 348 pv d4e2 g1h1 e2c3 b1c3
DEBUG:root:info depth 3 score cp 605 time 71 nodes 775 pv d4e2 g1h1 e2c3 b1c3
DEBUG:root:info depth 4 score cp 606 time 329 nodes 2376 pv d4e2 g1h1 e2c3 b1c3
DEBUG:root:info depth 5 score cp 710 time 443 nodes 4333 pv d4e2 g1h1 e2c3 b1c3 d8d3
DEBUG:root:bestmove d4e2 ponder g1h1
DEBUG:root:>>> isready 
DEBUG:root:readyok
DEBUG:root:>>> uci 
DEBUG:root:id name Sunfish
DEBUG:root:id author Thomas Ahle & Contributors
DEBUG:root:option name Hash type spin default 1 min 1 max 33554432
DEBUG:root:option name Clear Hash type button 
DEBUG:root:option name PolyglotBook type string default <empty>
DEBUG:root:option name SyzygyPath type string default <empty>
DEBUG:root:option name EvalRoughness type spin default 13 min 4 max 692
DEBUG:root:uciok
DEBUG:root:>>> setoption name Hash value 1 
DEBUG:root:>>> setoption name PolyglotBook value <empty> 
DEBUG:root:>>> setoption name SyzygyPath value <empty> 
DEBUG:root:>>> isready 
DEBUG:root:readyok
DEBUG:root:>>> ucinewgame 
DEBUG:root:>>> position fen rnbqkbnr/pppppppp/8/8/8/8/PPPPPPPP/RNBQKBNR w KQkq - 0 1 
DEBUG:root:>>> position startpos 
DEBUG:root:>>> position startpos moves d2d4 
DEBUG:root:>>> isready 
DEBUG:root:readyok
DEBUG:root:>>> go wtime 108198000 btime 108099000 winc 99000 binc 99000 depth 5 nodes 100 
DEBUG:root:info depth 1 score cp -36 time 1 nodes 24 pv e7e5
DEBUG:root:info depth 2 score cp -82 time 31 nodes 232 pv d7d5 e2e4
DEBUG:root:info depth 3 score cp -38 time 71 nodes 472 pv d7d5
DEBUG:root:info depth 4 score cp -76 time 332 nodes 1987 pv d7d5 g1f3
DEBUG:root:info depth 5 score cp -36 time 2241 nodes 11246 pv g8f6 g1f3 d7d5
DEBUG:root:bestmove g8f6 ponder g1f3
DEBUG:root:>>> position startpos moves d2d4 g8f6 c1g5 
DEBUG:root:>>> isready 
DEBUG:root:readyok
DEBUG:root:>>> go wtime 108292626 btime 108195752 winc 99000 binc 99000 depth 5 nodes 100 
DEBUG:root:info depth 1 score cp -28 time 5 nodes 31 pv d7d5
DEBUG:root:info depth 2 score cp -61 time 50 nodes 286 pv h7h6 g5f4
DEBUG:root:info depth 3 score cp -14 time 127 nodes 753 pv h7h6 g5f4 e7e5
DEBUG:root:info depth 4 score cp -57 time 615 nodes 3503 pv b8c6 g1f3 h7h6 g5f4
DEBUG:root:info depth 5 score cp -15 time 3243 nodes 15404 pv d7d5 g1f3 h7h6 g5f4 e7e5
DEBUG:root:bestmove d7d5 ponder g1f3
DEBUG:root:>>> position startpos moves d2d4 g8f6 c1g5 d7d5 g5f6 
DEBUG:root:>>> isready 
DEBUG:root:readyok
DEBUG:root:>>> go wtime 108388434 btime 108291509 winc 99000 binc 99000 depth 5 nodes 100 
DEBUG:root:info depth 1 score cp 24 time 4 nodes 31 pv e7f6
DEBUG:root:info depth 2 score cp -20 time 46 nodes 216 pv e7f6 e2e4
DEBUG:root:info depth 3 score cp 20 time 115 nodes 1156 pv e7f6 g1f3 b8c6
DEBUG:root:info depth 4 score cp -13 time 486 nodes 3248 pv e7f6 g1f3
DEBUG:root:info depth 5 score cp 12 time 904 nodes 7558 pv e7f6 g1f3 b8c6 b1c3 c8f5
DEBUG:root:bestmove e7f6 ponder g1f3
DEBUG:root:>>> position startpos moves d2d4 g8f6 c1g5 d7d5 g5f6 e7f6 e2e3 
DEBUG:root:>>> isready 
DEBUG:root:readyok
DEBUG:root:>>> go wtime 108484544 btime 108389605 winc 99000 binc 99000 depth 5 nodes 100 
DEBUG:root:info depth 1 score cp 33 time 3 nodes 35 pv b8c6
DEBUG:root:info depth 2 score cp -4 time 34 nodes 167 pv b8c6 g1f3
DEBUG:root:info depth 3 score cp 30 time 131 nodes 720 pv b8c6 g1f3 c8f5
DEBUG:root:info depth 4 score cp 6 time 535 nodes 2486 pv f8e7 c2c4
DEBUG:root:info depth 5 score cp 40 time 1905 nodes 10941 pv f8e7 g1f3 e8g8
DEBUG:root:bestmove f8e7 ponder g1f3
DEBUG:root:>>> position startpos moves d2d4 g8f6 c1g5 d7d5 g5f6 e7f6 e2e3 f8e7 g1f3 
DEBUG:root:>>> isready 
DEBUG:root:readyok
DEBUG:root:>>> go wtime 108578898 btime 108486699 winc 99000 binc 99000 depth 5 nodes 100 
DEBUG:root:info depth 1 score cp 40 time 4 nodes 36 pv e8g8
DEBUG:root:info depth 2 score cp 12 time 37 nodes 255 pv e8g8 b1c3
DEBUG:root:info depth 3 score cp 39 time 74 nodes 553 pv e8g8
DEBUG:root:info depth 4 score cp 18 time 290 nodes 1609 pv e8g8 f1d3
DEBUG:root:info depth 5 score cp 48 time 1198 nodes 6266 pv e8g8 b1c3 b8c6
DEBUG:root:bestmove e8g8 ponder b1c3
DEBUG:root:>>> position startpos moves d2d4 g8f6 c1g5 d7d5 g5f6 e7f6 e2e3 f8e7 g1f3 e8g8 f1d3 
DEBUG:root:>>> isready 
DEBUG:root:readyok
DEBUG:root:>>> go wtime 108674340 btime 108584502 winc 99000 binc 99000 depth 5 nodes 100 
DEBUG:root:info depth 1 score cp 58 time 3 nodes 33 pv b8c6
DEBUG:root:info depth 2 score cp 19 time 53 nodes 323 pv b8c6 e1g1
DEBUG:root:info depth 3 score cp 48 time 99 nodes 753 pv b8c6 e1g1 c8g4
DEBUG:root:info depth 4 score cp 19 time 739 nodes 3974 pv b8c6 e1g1
DEBUG:root:info depth 5 score cp 40 time 1766 nodes 11376 pv c7c5 e1g1 c5c4 d3e2 b8c6
DEBUG:root:bestmove c7c5 ponder e1g1
DEBUG:root:>>> position startpos moves d2d4 g8f6 c1g5 d7d5 g5f6 e7f6 e2e3 f8e7 g1f3 e8g8 f1d3 c7c5 c2c3 
DEBUG:root:>>> isready 
DEBUG:root:readyok
DEBUG:root:>>> go wtime 108769705 btime 108681735 winc 99000 binc 99000 depth 5 nodes 100 
DEBUG:root:info depth 1 score cp 157 time 4 nodes 33 pv c5d4
DEBUG:root:info depth 2 score cp 45 time 72 nodes 424 pv c5c4 d3c2
DEBUG:root:info depth 3 score cp 86 time 122 nodes 893 pv c5c4 d3c2 b8c6
DEBUG:root:info depth 4 score cp 46 time 610 nodes 4015 pv c5c4 d3c2
DEBUG:root:info depth 5 score cp 91 time 3832 nodes 17406 pv c8g4 d4c5 e7c5 e1g1 b8c6
DEBUG:root:bestmove c8g4 ponder d4c5
DEBUG:root:>>> position startpos moves d2d4 g8f6 c1g5 d7d5 g5f6 e7f6 e2e3 f8e7 g1f3 e8g8 f1d3 c7c5 c2c3 c8g4 b1d2 
DEBUG:root:>>> isready 
DEBUG:root:readyok
DEBUG:root:>>> go wtime 108863435 btime 108776903 winc 99000 binc 99000 depth 5 nodes 100 
DEBUG:root:info depth 1 score cp 172 time 8 nodes 77 pv c5d4
DEBUG:root:info depth 2 score cp 55 time 145 nodes 679 pv c5c4 d3c2
DEBUG:root:info depth 3 score cp 151 time 268 nodes 1457 pv g4f3 d2f3 c5d4
DEBUG:root:info depth 4 score cp 56 time 1526 nodes 6957 pv c5c4 d3c2
DEBUG:root:info depth 5 score cp 85 time 5322 nodes 24260 pv b8c6 d4c5 g4f3 d2f3 e7c5
DEBUG:root:bestmove b8c6 ponder d4c5
DEBUG:root:>>> position startpos moves d2d4 g8f6 c1g5 d7d5 g5f6 e7f6 e2e3 f8e7 g1f3 e8g8 f1d3 c7c5 c2c3 c8g4 b1d2 b8c6 h2h3 
DEBUG:root:>>> isready 
DEBUG:root:readyok
DEBUG:root:>>> go wtime 108958556 btime 108870581 winc 99000 binc 99000 depth 5 nodes 100 
DEBUG:root:info depth 1 score cp 75 time 40 nodes 263 pv c5c4
DEBUG:root:info depth 2 score cp 51 time 173 nodes 891 pv g4f3 d2f3
DEBUG:root:info depth 3 score cp 177 time 309 nodes 1921 pv g4f3 d2f3 c5d4
DEBUG:root:info depth 4 score cp 53 time 1373 nodes 6623 pv g4f3 d2f3
DEBUG:root:info depth 5 score cp 77 time 2964 nodes 22082 pv g4f3 d2f3 c5d4 e3d4 f8e8
DEBUG:root:bestmove g4f3 ponder d2f3
DEBUG:root:>>> position startpos moves d2d4 g8f6 c1g5 d7d5 g5f6 e7f6 e2e3 f8e7 g1f3 e8g8 f1d3 c7c5 c2c3 c8g4 b1d2 b8c6 h2h3 g4f3 d2f3 
DEBUG:root:>>> isready 
DEBUG:root:readyok
DEBUG:root:>>> go wtime 109053979 btime 108966616 winc 99000 binc 99000 depth 5 nodes 100 
DEBUG:root:info depth 1 score cp 177 time 6 nodes 66 pv c5d4
DEBUG:root:info depth 2 score cp 52 time 65 nodes 420 pv c5d4 e3d4
DEBUG:root:info depth 3 score cp 78 time 122 nodes 911 pv c5d4 e3d4 f8e8
DEBUG:root:info depth 4 score cp 66 time 626 nodes 3869 pv d8b6 d1c2 c5d4 e3d4
DEBUG:root:info depth 5 score cp 108 time 3236 nodes 15202 pv d8b6 d4c5 b6b2 d1c1 b2c1 a1c1
DEBUG:root:bestmove d8b6 ponder d4c5
DEBUG:root:>>> position startpos moves d2d4 g8f6 c1g5 d7d5 g5f6 e7f6 e2e3 f8e7 g1f3 e8g8 f1d3 c7c5 c2c3 c8g4 b1d2 b8c6 h2h3 g4f3 d2f3 d8b6 d1c2 
DEBUG:root:>>> isready 
DEBUG:root:readyok
DEBUG:root:>>> go wtime 109149204 btime 109062380 winc 99000 binc 99000 depth 5 nodes 100 
DEBUG:root:info depth 1 score cp 190 time 7 nodes 113 pv c5d4
DEBUG:root:info depth 2 score cp 65 time 78 nodes 585 pv c5d4 e3d4
DEBUG:root:info depth 3 score cp 106 time 155 nodes 1357 pv c5d4 e3d4 a8e8
DEBUG:root:info depth 4 score cp 35 time 1878 nodes 9348 pv g7g6 e1g1 c5c4 d3e2
DEBUG:root:info depth 5 score cp 71 time 5006 nodes 32951 pv g7g6 e1g1 c5c4 d3e2 a8e8
DEBUG:root:bestmove g7g6 ponder e1g1
DEBUG:root:>>> position startpos moves d2d4 g8f6 c1g5 d7d5 g5f6 e7f6 e2e3 f8e7 g1f3 e8g8 f1d3 c7c5 c2c3 c8g4 b1d2 b8c6 h2h3 g4f3 d2f3 d8b6 d1c2 g7g6 h3h4 
DEBUG:root:>>> isready 
DEBUG:root:readyok
DEBUG:root:>>> go wtime 109243595 btime 109156374 winc 99000 binc 99000 depth 5 nodes 100 
DEBUG:root:info depth 1 score cp 203 time 7 nodes 43 pv c5d4
DEBUG:root:info depth 2 score cp 94 time 105 nodes 518 pv c5c4 d3e2
DEBUG:root:info depth 3 score cp 129 time 193 nodes 1363 pv c5c4 d3e2 a8e8
DEBUG:root:info depth 4 score cp 96 time 655 nodes 4667 pv c5c4 d3e2
DEBUG:root:info depth 5 score cp 100 time 4511 nodes 25477 pv c5c4 d3e2 a8d8 e1g1 f8e8
DEBUG:root:bestmove c5c4 ponder d3e2
DEBUG:root:>>> position startpos moves d2d4 g8f6 c1g5 d7d5 g5f6 e7f6 e2e3 f8e7 g1f3 e8g8 f1d3 c7c5 c2c3 c8g4 b1d2 b8c6 h2h3 g4f3 d2f3 d8b6 d1c2 g7g6 h3h4 c5c4 d3e2 
DEBUG:root:>>> isready 
DEBUG:root:readyok
DEBUG:root:>>> go wtime 109334488 btime 109250862 winc 99000 binc 99000 depth 5 nodes 100 
DEBUG:root:info depth 1 score cp 129 time 13 nodes 131 pv a8e8
DEBUG:root:info depth 2 score cp 84 time 100 nodes 617 pv a8e8 e1g1
DEBUG:root:info depth 3 score cp 97 time 185 nodes 1664 pv a8e8 e1g1 a7a6
DEBUG:root:info depth 4 score cp 85 time 983 nodes 6176 pv a8e8 e1g1
DEBUG:root:info depth 5 score cp 84 time 3276 nodes 24028 pv a8e8 e1g1
DEBUG:root:bestmove a8e8 ponder e1g1
DEBUG:root:>>> position startpos moves d2d4 g8f6 c1g5 d7d5 g5f6 e7f6 e2e3 f8e7 g1f3 e8g8 f1d3 c7c5 c2c3 c8g4 b1d2 b8c6 h2h3 g4f3 d2f3 d8b6 d1c2 g7g6 h3h4 c5c4 d3e2 a8e8 h4h5 
DEBUG:root:>>> isready 
DEBUG:root:readyok
DEBUG:root:>>> go wtime 109426535 btime 109346586 winc 99000 binc 99000 depth 5 nodes 100 
DEBUG:root:info depth 1 score cp 171 time 9 nodes 46 pv g6h5
DEBUG:root:info depth 2 score cp 73 time 81 nodes 472 pv g6h5 h1h5
DEBUG:root:info depth 3 score cp 121 time 306 nodes 1706 pv f6f5 h5h6 e7f6
DEBUG:root:info depth 4 score cp 99 time 1211 nodes 5771 pv a7a6 a1d1
DEBUG:root:info depth 5 score cp 106 time 3115 nodes 21163 pv g6g5 e1g1 g5g4 f3h4 g4g3
DEBUG:root:bestmove g6g5 ponder e1g1
DEBUG:root:>>> position startpos moves d2d4 g8f6 c1g5 d7d5 g5f6 e7f6 e2e3 f8e7 g1f3 e8g8 f1d3 c7c5 c2c3 c8g4 b1d2 b8c6 h2h3 g4f3 d2f3 d8b6 d1c2 g7g6 h3h4 c5c4 d3e2 a8e8 h4h5 g6g5 h5h6 
DEBUG:root:>>> isready 
DEBUG:root:readyok
DEBUG:root:>>> go wtime 109512677 btime 109442471 winc 99000 binc 99000 depth 5 nodes 100 
DEBUG:root:info depth 1 score cp 106 time 9 nodes 106 pv g5g4
DEBUG:root:info depth 2 score cp 123 time 74 nodes 419 pv g5g4 f3h4
DEBUG:root:info depth 3 score cp 129 time 147 nodes 1186 pv g5g4 f3d2 g4g3
DEBUG:root:info depth 4 score cp 125 time 343 nodes 3357 pv g5g4 f3h4
DEBUG:root:info depth 5 score cp 124 time 1411 nodes 11159 pv g5g4 f3h4
DEBUG:root:bestmove g5g4 ponder f3h4
DEBUG:root:>>> position startpos moves d2d4 g8f6 c1g5 d7d5 g5f6 e7f6 e2e3 f8e7 g1f3 e8g8 f1d3 c7c5 c2c3 c8g4 b1d2 b8c6 h2h3 g4f3 d2f3 d8b6 d1c2 g7g6 h3h4 c5c4 d3e2 a8e8 h4h5 g6g5 h5h6 g5g4 f3h4 
DEBUG:root:>>> isready 
DEBUG:root:readyok
DEBUG:root:>>> go wtime 109602136 btime 109540059 winc 99000 binc 99000 depth 5 nodes 100 
DEBUG:root:info depth 1 score cp 134 time 6 nodes 44 pv g4g3
DEBUG:root:info depth 2 score cp 26 time 71 nodes 355 pv a7a6 e2g4
DEBUG:root:info depth 3 score cp 34 time 244 nodes 2426 pv a7a6 e2g4 f6f5
DEBUG:root:info depth 4 score cp 27 time 973 nodes 6435 pv a7a6 e2g4
DEBUG:root:info depth 5 score cp 28 time 2194 nodes 19216 pv a7a6 e2g4
DEBUG:root:bestmove a7a6 ponder e2g4
DEBUG:root:>>> position startpos moves d2d4 g8f6 c1g5 d7d5 g5f6 e7f6 e2e3 f8e7 g1f3 e8g8 f1d3 c7c5 c2c3 c8g4 b1d2 b8c6 h2h3 g4f3 d2f3 d8b6 d1c2 g7g6 h3h4 c5c4 d3e2 a8e8 h4h5 g6g5 h5h6 g5g4 f3h4 a7a6 e2g4 
DEBUG:root:>>> isready 
DEBUG:root:readyok
DEBUG:root:>>> go wtime 109696392 btime 109636864 winc 99000 binc 99000 depth 5 nodes 100 
DEBUG:root:info depth 1 score cp 33 time 10 nodes 53 pv f6f5
DEBUG:root:info depth 2 score cp -12 time 86 nodes 385 pv e7d6 e1g1
DEBUG:root:info depth 3 score cp 2 time 213 nodes 1481 pv e8d8 e1g1 f8e8
DEBUG:root:info depth 4 score cp -11 time 1069 nodes 5849 pv b6c7 e1g1
DEBUG:root:info depth 5 score cp -12 time 2094 nodes 15858 pv b6c7 e1g1
DEBUG:root:bestmove b6c7 ponder e1g1
DEBUG:root:>>> position startpos moves d2d4 g8f6 c1g5 d7d5 g5f6 e7f6 e2e3 f8e7 g1f3 e8g8 f1d3 c7c5 c2c3 c8g4 b1d2 b8c6 h2h3 g4f3 d2f3 d8b6 d1c2 g7g6 h3h4 c5c4 d3e2 a8e8 h4h5 g6g5 h5h6 g5g4 f3h4 a7a6 e2g4 b6c7 g4f5 
DEBUG:root:>>> isready 
DEBUG:root:readyok
DEBUG:root:>>> go wtime 109786708 btime 109733769 winc 99000 binc 99000 depth 5 nodes 100 
DEBUG:root:info depth 1 score cp 14 time 14 nodes 55 pv e7d6
DEBUG:root:info depth 2 score cp -28 time 70 nodes 357 pv e7d6 e1g1
DEBUG:root:info depth 3 score cp -23 time 325 nodes 2650 pv b7b5 f5h7 g8h8
DEBUG:root:info depth 4 score cp -46 time 1275 nodes 7906 pv g8h8 e1g1
DEBUG:root:info depth 5 score cp -45 time 1993 nodes 15798 pv g8h8 e1g1
DEBUG:root:bestmove g8h8 ponder e1g1
DEBUG:root:>>> position startpos moves d2d4 g8f6 c1g5 d7d5 g5f6 e7f6 e2e3 f8e7 g1f3 e8g8 f1d3 c7c5 c2c3 c8g4 b1d2 b8c6 h2h3 g4f3 d2f3 d8b6 d1c2 g7g6 h3h4 c5c4 d3e2 a8e8 h4h5 g6g5 h5h6 g5g4 f3h4 a7a6 e2g4 b6c7 g4f5 g8h8 f5h7 
DEBUG:root:>>> isready 
DEBUG:root:readyok
DEBUG:root:>>> go wtime 109878535 btime 109830776 winc 99000 binc 99000 depth 5 nodes 100 
DEBUG:root:info depth 1 score cp -20 time 19 nodes 119 pv f6f5
DEBUG:root:info depth 2 score cp -75 time 135 nodes 663 pv e7d6 e1g1
DEBUG:root:info depth 3 score cp -66 time 361 nodes 3129 pv e8d8 e1g1 f8e8
DEBUG:root:info depth 4 score cp -73 time 1611 nodes 10434 pv e7d6 e1g1
DEBUG:root:info depth 5 score cp -76 time 4211 nodes 27803 pv e7d6 h7f5
DEBUG:root:bestmove e7d6 ponder h7f5
DEBUG:root:>>> position startpos moves d2d4 g8f6 c1g5 d7d5 g5f6 e7f6 e2e3 f8e7 g1f3 e8g8 f1d3 c7c5 c2c3 c8g4 b1d2 b8c6 h2h3 g4f3 d2f3 d8b6 d1c2 g7g6 h3h4 c5c4 d3e2 a8e8 h4h5 g6g5 h5h6 g5g4 f3h4 a7a6 e2g4 b6c7 g4f5 g8h8 f5h7 e7d6 h7f5 
DEBUG:root:>>> isready 
DEBUG:root:readyok
DEBUG:root:>>> go wtime 109966911 btime 109925565 winc 99000 binc 99000 depth 5 nodes 100 
DEBUG:root:info depth 1 score cp -61 time 13 nodes 98 pv h8g8
DEBUG:root:info depth 2 score cp -140 time 88 nodes 408 pv h8g8 h6h7
DEBUG:root:info depth 3 score cp -118 time 347 nodes 2858 pv c7a5 e1g1 h8g8
DEBUG:root:info depth 4 score cp -128 time 1559 nodes 8047 pv c7a5 e1g1
DEBUG:root:info depth 5 score cp -128 time 2449 nodes 18737 pv c7a5 e1g1
DEBUG:root:bestmove c7a5 ponder e1g1
DEBUG:root:>>> position startpos moves d2d4 g8f6 c1g5 d7d5 g5f6 e7f6 e2e3 f8e7 g1f3 e8g8 f1d3 c7c5 c2c3 c8g4 b1d2 b8c6 h2h3 g4f3 d2f3 d8b6 d1c2 g7g6 h3h4 c5c4 d3e2 a8e8 h4h5 g6g5 h5h6 g5g4 f3h4 a7a6 e2g4 b6c7 g4f5 g8h8 f5h7 e7d6 h7f5 c7a5 h4g6 
DEBUG:root:>>> isready 
DEBUG:root:readyok
DEBUG:root:>>> go wtime 110056526 btime 110022115 winc 99000 binc 99000 depth 5 nodes 100 
DEBUG:root:info depth 1 score cp 255 time 6 nodes 48 pv f7g6
DEBUG:root:info depth 2 score cp 143 time 135 nodes 611 pv f7g6 f5g6
DEBUG:root:info depth 3 score cp 269 time 228 nodes 1179 pv f7g6 f5g6 c6d4
DEBUG:root:info depth 4 score cp 266 time 428 nodes 3247 pv f7g6 f5h3
DEBUG:root:info depth 5 score cp 140 time 1026 nodes 8500 pv f7g6 f5g6 c6d4 c2d1 d6c5 g6e8 f8e8
DEBUG:root:bestmove f7g6 ponder f5g6
DEBUG:root:>>> position startpos moves d2d4 g8f6 c1g5 d7d5 g5f6 e7f6 e2e3 f8e7 g1f3 e8g8 f1d3 c7c5 c2c3 c8g4 b1d2 b8c6 h2h3 g4f3 d2f3 d8b6 d1c2 g7g6 h3h4 c5c4 d3e2 a8e8 h4h5 g6g5 h5h6 g5g4 f3h4 a7a6 e2g4 b6c7 g4f5 g8h8 f5h7 e7d6 h7f5 c7a5 h4g6 f7g6 f5g6 
DEBUG:root:>>> isready 
DEBUG:root:readyok
DEBUG:root:>>> go wtime 110147565 btime 110120089 winc 99000 binc 99000 depth 5 nodes 100 
DEBUG:root:info depth 1 score cp 270 time 7 nodes 102 pv c6d4
DEBUG:root:info depth 2 score cp 283 time 92 nodes 556 pv c6d4 c2d1
DEBUG:root:info depth 3 score cp 142 time 263 nodes 2436 pv c6d4 c2d1 d6c5 g6e8 f8e8
DEBUG:root:info depth 4 score cp 143 time 1000 nodes 7382 pv c6d4 c2d1 d6c5 g6e8 f8e8
DEBUG:root:info depth 5 score cp 122 time 4012 nodes 31651 pv c6d4 c2d1 d4e6 g6e8 f8e8
DEBUG:root:bestmove c6d4 ponder c2d1
DEBUG:root:>>> position startpos moves d2d4 g8f6 c1g5 d7d5 g5f6 e7f6 e2e3 f8e7 g1f3 e8g8 f1d3 c7c5 c2c3 c8g4 b1d2 b8c6 h2h3 g4f3 d2f3 d8b6 d1c2 g7g6 h3h4 c5c4 d3e2 a8e8 h4h5 g6g5 h5h6 g5g4 f3h4 a7a6 e2g4 b6c7 g4f5 g8h8 f5h7 e7d6 h7f5 c7a5 h4g6 f7g6 f5g6 c6d4 g6e8 
DEBUG:root:>>> isready 
DEBUG:root:readyok
DEBUG:root:>>> go wtime 110237609 btime 110215076 winc 99000 binc 99000 depth 5 nodes 100 
DEBUG:root:info depth 1 score cp 749 time 5 nodes 42 pv d4c2
DEBUG:root:info depth 2 score cp 1117 time 58 nodes 386 pv d4c2 e1f1 c2a1
DEBUG:root:info depth 3 score cp 1117 time 104 nodes 783 pv d4c2 e1f1 c2a1
DEBUG:root:info depth 4 score cp 1065 time 328 nodes 2295 pv d4c2 e1f1 c2a1 e8g6
DEBUG:root:info depth 5 score cp 1176 time 628 nodes 5459 pv d4c2 e1f1 c2a1 e8g6 a5a2
DEBUG:root:bestmove d4c2 ponder e1f1
DEBUG:root:>>> position startpos moves d2d4 g8f6 c1g5 d7d5 g5f6 e7f6 e2e3 f8e7 g1f3 e8g8 f1d3 c7c5 c2c3 c8g4 b1d2 b8c6 h2h3 g4f3 d2f3 d8b6 d1c2 g7g6 h3h4 c5c4 d3e2 a8e8 h4h5 g6g5 h5h6 g5g4 f3h4 a7a6 e2g4 b6c7 g4f5 g8h8 f5h7 e7d6 h7f5 c7a5 h4g6 f7g6 f5g6 c6d4 g6e8 d4c2 e1d2 
DEBUG:root:>>> isready 
DEBUG:root:readyok
DEBUG:root:>>> go wtime 110321720 btime 110313448 winc 99000 binc 99000 depth 5 nodes 100 
DEBUG:root:info depth 1 score cp 1166 time 4 nodes 46 pv c2a1
DEBUG:root:info depth 2 score cp 1115 time 118 nodes 606 pv c2a1 e8g6
DEBUG:root:info depth 3 score cp 1192 time 212 nodes 1338 pv c2a1 h6h7 a5a2
DEBUG:root:info depth 4 score cp 1140 time 611 nodes 4215 pv c2a1 e8g6 a5a2 h6h7
DEBUG:root:info depth 5 score cp 1196 time 1369 nodes 11063 pv c2a1 h1a1 f8e8 d2e1 a5a4
DEBUG:root:bestmove c2a1 ponder h1a1
DEBUG:root:>>> position startpos moves d2d4 g8f6 c1g5 d7d5 g5f6 e7f6 e2e3 f8e7 g1f3 e8g8 f1d3 c7c5 c2c3 c8g4 b1d2 b8c6 h2h3 g4f3 d2f3 d8b6 d1c2 g7g6 h3h4 c5c4 d3e2 a8e8 h4h5 g6g5 h5h6 g5g4 f3h4 a7a6 e2g4 b6c7 g4f5 g8h8 f5h7 e7d6 h7f5 c7a5 h4g6 f7g6 f5g6 c6d4 g6e8 d4c2 e1d2 c2a1 h1a1 
DEBUG:root:>>> isready 
DEBUG:root:readyok
DEBUG:root:>>> go wtime 110413507 btime 110411078 winc 99000 binc 99000 depth 5 nodes 100 
DEBUG:root:info depth 1 score cp 1240 time 3 nodes 35 pv f8e8
DEBUG:root:info depth 2 score cp 1157 time 62 nodes 406 pv f8e8 h6h7
DEBUG:root:info depth 3 score cp 1198 time 116 nodes 1428 pv f8e8 d2e1 a5a4
DEBUG:root:info depth 4 score cp 1184 time 636 nodes 4489 pv f8e8 d2e1
DEBUG:root:info depth 5 score cp 1196 time 826 nodes 9536 pv f8e8 d2e1 a5a4
DEBUG:root:bestmove f8e8 ponder d2e1
DEBUG:root:>>> position startpos moves d2d4 g8f6 c1g5 d7d5 g5f6 e7f6 e2e3 f8e7 g1f3 e8g8 f1d3 c7c5 c2c3 c8g4 b1d2 b8c6 h2h3 g4f3 d2f3 d8b6 d1c2 g7g6 h3h4 c5c4 d3e2 a8e8 h4h5 g6g5 h5h6 g5g4 f3h4 a7a6 e2g4 b6c7 g4f5 g8h8 f5h7 e7d6 h7f5 c7a5 h4g6 f7g6 f5g6 c6d4 g6e8 d4c2 e1d2 c2a1 h1a1 f8e8 a1h1 
DEBUG:root:>>> isready 
DEBUG:root:readyok
DEBUG:root:>>> go wtime 110505494 btime 110509252 winc 99000 binc 99000 depth 5 nodes 100 
DEBUG:root:info depth 1 score cp 1353 time 8 nodes 94 pv a5a2
DEBUG:root:info depth 2 score cp 1268 time 36 nodes 250 pv a5a2 h6h7
DEBUG:root:info depth 3 score cp 1322 time 69 nodes 653 pv a5a2 d2c1 a2b3
DEBUG:root:info depth 4 score cp 1314 time 163 nodes 1507 pv a5a2 d2c2
DEBUG:root:info depth 5 score cp 1316 time 996 nodes 10111 pv a5a2 d2c2
DEBUG:root:bestmove a5a2 ponder d2c2
DEBUG:root:>>> position startpos moves d2d4 g8f6 c1g5 d7d5 g5f6 e7f6 e2e3 f8e7 g1f3 e8g8 f1d3 c7c5 c2c3 c8g4 b1d2 b8c6 h2h3 g4f3 d2f3 d8b6 d1c2 g7g6 h3h4 c5c4 d3e2 a8e8 h4h5 g6g5 h5h6 g5g4 f3h4 a7a6 e2g4 b6c7 g4f5 g8h8 f5h7 e7d6 h7f5 c7a5 h4g6 f7g6 f5g6 c6d4 g6e8 d4c2 e1d2 c2a1 h1a1 f8e8 a1h1 a5a2 h6h7 
DEBUG:root:>>> isready 
DEBUG:root:readyok
DEBUG:root:>>> go wtime 110597161 btime 110607256 winc 99000 binc 99000 depth 5 nodes 100 
DEBUG:root:info depth 1 score cp 1405 time 5 nodes 82 pv a2b2
DEBUG:root:info depth 2 score cp 1345 time 37 nodes 316 pv a2b2 d2e1
DEBUG:root:info depth 3 score cp 1454 time 73 nodes 822 pv a2b2 d2e1 b2c3
DEBUG:root:info depth 4 score cp 1840 time 161 nodes 1418 pv a2b2 d2e1 b2c1 e1e2 c1h1
DEBUG:root:info depth 5 score cp 1840 time 239 nodes 3650 pv a2b2 d2e1 b2c1 e1e2 c1h1
DEBUG:root:bestmove a2b2 ponder d2e1
DEBUG:root:>>> position startpos moves d2d4 g8f6 c1g5 d7d5 g5f6 e7f6 e2e3 f8e7 g1f3 e8g8 f1d3 c7c5 c2c3 c8g4 b1d2 b8c6 h2h3 g4f3 d2f3 d8b6 d1c2 g7g6 h3h4 c5c4 d3e2 a8e8 h4h5 g6g5 h5h6 g5g4 f3h4 a7a6 e2g4 b6c7 g4f5 g8h8 f5h7 e7d6 h7f5 c7a5 h4g6 f7g6 f5g6 c6d4 g6e8 d4c2 e1d2 c2a1 h1a1 f8e8 a1h1 a5a2 h6h7 a2b2 d2d1 
DEBUG:root:>>> isready 
DEBUG:root:readyok
DEBUG:root:>>> go wtime 110679950 btime 110706017 winc 99000 binc 99000 depth 5 nodes 100 
DEBUG:root:info depth 1 score cp 1476 time 7 nodes 102 pv b2c3
DEBUG:root:info depth 2 score cp 1839 time 49 nodes 322 pv b2b1 d1d2 b1h1
DEBUG:root:info depth 3 score cp 1839 time 80 nodes 809 pv b2b1 d1d2 b1h1
DEBUG:root:info depth 4 score cp 1800 time 417 nodes 2574 pv b2b1 d1d2 b1h1 d2c2
DEBUG:root:info depth 5 score cp 1966 time 544 nodes 6112 pv b2b1 d1d2 b1h1 d2c2 h8h7
DEBUG:root:bestmove b2b1 ponder d1d2
DEBUG:root:>>> position startpos moves d2d4 g8f6 c1g5 d7d5 g5f6 e7f6 e2e3 f8e7 g1f3 e8g8 f1d3 c7c5 c2c3 c8g4 b1d2 b8c6 h2h3 g4f3 d2f3 d8b6 d1c2 g7g6 h3h4 c5c4 d3e2 a8e8 h4h5 g6g5 h5h6 g5g4 f3h4 a7a6 e2g4 b6c7 g4f5 g8h8 f5h7 e7d6 h7f5 c7a5 h4g6 f7g6 f5g6 c6d4 g6e8 d4c2 e1d2 c2a1 h1a1 f8e8 a1h1 a5a2 h6h7 a2b2 d2d1 b2b1 d1e2 
DEBUG:root:>>> isready 
DEBUG:root:readyok
DEBUG:root:>>> go wtime 110767387 btime 110804472 winc 99000 binc 99000 depth 5 nodes 100 
DEBUG:root:info depth 1 score cp 1846 time 3 nodes 54 pv b1h1
DEBUG:root:info depth 2 score cp 1820 time 82 nodes 470 pv b1h1 e2f3
DEBUG:root:info depth 3 score cp 1988 time 109 nodes 1081 pv b1h1 e2f3 h8h7
DEBUG:root:info depth 4 score cp 1953 time 499 nodes 3156 pv b1h1 f2f4 h8h7 e2f2
DEBUG:root:info depth 5 score cp 2060 time 768 nodes 9433 pv b1h1 f2f4 h1g2 e2e1 h8h7
DEBUG:root:bestmove b1h1 ponder f2f4
DEBUG:root:>>> position startpos moves d2d4 g8f6 c1g5 d7d5 g5f6 e7f6 e2e3 f8e7 g1f3 e8g8 f1d3 c7c5 c2c3 c8g4 b1d2 b8c6 h2h3 g4f3 d2f3 d8b6 d1c2 g7g6 h3h4 c5c4 d3e2 a8e8 h4h5 g6g5 h5h6 g5g4 f3h4 a7a6 e2g4 b6c7 g4f5 g8h8 f5h7 e7d6 h7f5 c7a5 h4g6 f7g6 f5g6 c6d4 g6e8 d4c2 e1d2 c2a1 h1a1 f8e8 a1h1 a5a2 h6h7 a2b2 d2d1 b2b1 d1e2 b1h1 e2f3 
DEBUG:root:>>> isready 
DEBUG:root:readyok
DEBUG:root:>>> go wtime 110858503 btime 110902704 winc 99000 binc 99000 depth 5 nodes 100 
DEBUG:root:info depth 1 score cp 1988 time 3 nodes 49 pv h8h7
DEBUG:root:info depth 2 score cp 69290 time 11 nodes 89 pv h1d1
DEBUG:root:info depth 3 score cp 69290 time 14 nodes 109 pv h1d1
DEBUG:root:info depth 4 score cp 69290 time 16 nodes 128 pv h1d1
DEBUG:root:info depth 5 score cp 69290 time 18 nodes 147 pv h1d1
DEBUG:root:bestmove h1d1
DEBUG:root:>>> isready 
DEBUG:root:readyok
DEBUG:root:>>> quit 
DEBUG:root:>>> quit 
DEBUG:root:>>> quit 
DEBUG:root:>>> uci 
DEBUG:root:id name Sunfish
DEBUG:root:id author Thomas Ahle & Contributors
DEBUG:root:option name Hash type spin default 1 min 1 max 33554432
DEBUG:root:option name Clear Hash type button 
DEBUG:root:option name PolyglotBook type string default <empty>
DEBUG:root:option name SyzygyPath type string default <empty>
DEBUG:root:option name EvalRoughness type spin default 13 min 4 max 692
DEBUG:root:uciok
